<?xml version="1.0" encoding="UTF-8"?>
<!-- Generated by org.testng.reporters.JUnitReportReporter -->
<testsuite hostname="Mayur" failures="0" tests="3" name="ProgramMethod.InvocationCount" time="42.194" errors="0" timestamp="2023-01-08T15:08:40 IST" skipped="0">
  <testcase classname="ProgramMethod.InvocationCount" name="verifyTitleText" time="5.252"/>
  <testcase classname="ProgramMethod.InvocationCount" name="verifyTitleText" time="15.947"/>
  <testcase classname="ProgramMethod.InvocationCount" name="verifyTitleText" time="20.995"/>
</testsuite> <!-- ProgramMethod.InvocationCount -->
