<?xml version="1.0" encoding="UTF-8"?>
<!-- Generated by org.testng.reporters.JUnitReportReporter -->
<testsuite hostname="Mayur" failures="0" tests="13" name="TestCases.InventaryPageTest" time="13.751" errors="0" timestamp="2023-01-09T11:06:51 IST" skipped="12">
  <testcase classname="TestCases.InventaryPageTest" name="verifyProductCount" time="13.751"/>
  <testcase classname="TestCases.InventaryPageTest" name="verifyTwitterLogoTest">
    <skipped/>
  </testcase> <!-- verifyTwitterLogoTest -->
  <testcase classname="TestCases.InventaryPageTest" name="verifyproductSortDrowpdownTest">
    <skipped/>
  </testcase> <!-- verifyproductSortDrowpdownTest -->
  <testcase classname="TestCases.InventaryPageTest" name="verifypeekLogoTest">
    <skipped/>
  </testcase> <!-- verifypeekLogoTest -->
  <testcase classname="TestCases.InventaryPageTest" name="verifyFooterLableTest">
    <skipped/>
  </testcase> <!-- verifyFooterLableTest -->
  <testcase classname="TestCases.InventaryPageTest" name="verifyCartUrlTest">
    <skipped/>
  </testcase> <!-- verifyCartUrlTest -->
  <testcase classname="TestCases.InventaryPageTest" name="verifyshoppingCartTest">
    <skipped/>
  </testcase> <!-- verifyshoppingCartTest -->
  <testcase classname="TestCases.InventaryPageTest" name="verifyProductLogoTest">
    <skipped/>
  </testcase> <!-- verifyProductLogoTest -->
  <testcase classname="TestCases.InventaryPageTest" name="verifyfooterRobotLogoTest">
    <skipped/>
  </testcase> <!-- verifyfooterRobotLogoTest -->
  <testcase classname="TestCases.InventaryPageTest" name="verifyFacebookLogoTest">
    <skipped/>
  </testcase> <!-- verifyFacebookLogoTest -->
  <testcase classname="TestCases.InventaryPageTest" name="verifyappLogoTest">
    <skipped/>
  </testcase> <!-- verifyappLogoTest -->
  <testcase classname="TestCases.InventaryPageTest" name="verifyLinkedInLogoTest">
    <skipped/>
  </testcase> <!-- verifyLinkedInLogoTest -->
  <testcase classname="TestCases.InventaryPageTest" name="verifymenuButtonDroupdowntest">
    <skipped/>
  </testcase> <!-- verifymenuButtonDroupdowntest -->
</testsuite> <!-- TestCases.InventaryPageTest -->
