<?xml version="1.0" encoding="UTF-8"?>
<!-- Generated by org.testng.reporters.JUnitReportReporter -->
<testsuite hostname="Mayur" failures="0" tests="1" name="ProgramMethod.GroupTest" time="6.675" errors="0" timestamp="2023-01-08T00:56:00 IST" skipped="0">
  <testcase classname="ProgramMethod.GroupTest" name="verifyTitleText" time="6.675"/>
</testsuite> <!-- ProgramMethod.GroupTest -->
