<?xml version="1.0" encoding="UTF-8"?>
<!-- Generated by org.testng.reporters.JUnitReportReporter -->
<testsuite hostname="Mayur" failures="0" tests="5" name="TestCases.OverviewPageTest" time="19.675" errors="0" timestamp="2023-01-09T10:47:51 IST" skipped="4">
  <testcase classname="TestCases.OverviewPageTest" name="verifyfinshBtnClickTest" time="19.675"/>
  <testcase classname="TestCases.OverviewPageTest" name="verifyfinishBTn">
    <skipped/>
  </testcase> <!-- verifyfinishBTn -->
  <testcase classname="TestCases.OverviewPageTest" name="verifyCurrentURLTest">
    <skipped/>
  </testcase> <!-- verifyCurrentURLTest -->
  <testcase classname="TestCases.OverviewPageTest" name="verifyappLogoTest">
    <skipped/>
  </testcase> <!-- verifyappLogoTest -->
  <testcase classname="TestCases.OverviewPageTest" name="verifyTitleTextTest">
    <skipped/>
  </testcase> <!-- verifyTitleTextTest -->
</testsuite> <!-- TestCases.OverviewPageTest -->
