<?xml version="1.0" encoding="UTF-8"?>
<!-- Generated by org.testng.reporters.JUnitReportReporter -->
<testsuite hostname="Mayur" failures="0" tests="4" name="TestCases.InformationPageTest" time="19.263" errors="0" timestamp="2023-01-09T10:47:51 IST" skipped="3">
  <testcase classname="TestCases.InformationPageTest" name="verifyDetails" time="19.263"/>
  <testcase classname="TestCases.InformationPageTest" name="verifycontinueBtnTest">
    <skipped/>
  </testcase> <!-- verifycontinueBtnTest -->
  <testcase classname="TestCases.InformationPageTest" name="verifyInformationTitleTest">
    <skipped/>
  </testcase> <!-- verifyInformationTitleTest -->
  <testcase classname="TestCases.InformationPageTest" name="verifycancleBtnTest">
    <skipped/>
  </testcase> <!-- verifycancleBtnTest -->
</testsuite> <!-- TestCases.InformationPageTest -->
