<?xml version="1.0" encoding="UTF-8"?>
<!-- Generated by org.testng.reporters.JUnitReportReporter -->
<testsuite hostname="Mayur" failures="0" tests="1" name="ProgramMethod.Timeout" time="8.504" errors="0" timestamp="2023-01-08T15:11:53 IST" skipped="0">
  <testcase classname="ProgramMethod.Timeout" name="verifyTitleText" time="8.504"/>
</testsuite> <!-- ProgramMethod.Timeout -->
