<?xml version="1.0" encoding="UTF-8"?>
<!-- Generated by org.testng.reporters.JUnitReportReporter -->
<testsuite hostname="Mayur" failures="0" tests="9" name="TestCases.CartPageTest" time="41.093" errors="0" timestamp="2023-01-09T10:47:51 IST" skipped="7">
  <testcase classname="TestCases.CartPageTest" name="removecartTest" time="25.700"/>
  <testcase classname="TestCases.CartPageTest" name="verifycheckoutBtnTest" time="15.393"/>
  <testcase classname="TestCases.CartPageTest" name="verifydescLableTest">
    <skipped/>
  </testcase> <!-- verifydescLableTest -->
  <testcase classname="TestCases.CartPageTest" name="verifyshoopingCartTest">
    <skipped/>
  </testcase> <!-- verifyshoopingCartTest -->
  <testcase classname="TestCases.CartPageTest" name="verifyAppLogoTest">
    <skipped/>
  </testcase> <!-- verifyAppLogoTest -->
  <testcase classname="TestCases.CartPageTest" name="verifyconBtnTest">
    <skipped/>
  </testcase> <!-- verifyconBtnTest -->
  <testcase classname="TestCases.CartPageTest" name="checkoutBtnTest">
    <skipped/>
  </testcase> <!-- checkoutBtnTest -->
  <testcase classname="TestCases.CartPageTest" name="verifycartTitleTest">
    <skipped/>
  </testcase> <!-- verifycartTitleTest -->
  <testcase classname="TestCases.CartPageTest" name="verifyqueLableTest">
    <skipped/>
  </testcase> <!-- verifyqueLableTest -->
</testsuite> <!-- TestCases.CartPageTest -->
