<?xml version="1.0" encoding="UTF-8"?>
<!-- Generated by org.testng.reporters.JUnitReportReporter -->
<testsuite hostname="Mayur" failures="0" tests="5" name="ProgramMethod.ParallelExecutionProg" time="137.403" errors="0" timestamp="2023-01-10T13:44:21 IST" skipped="0">
  <testcase classname="ProgramMethod.ParallelExecutionProg" name="Test2" time="28.535"/>
  <testcase classname="ProgramMethod.ParallelExecutionProg" name="Test3" time="16.603"/>
  <testcase classname="ProgramMethod.ParallelExecutionProg" name="Test4" time="61.551"/>
  <testcase classname="ProgramMethod.ParallelExecutionProg" name="Test1" time="15.984"/>
  <testcase classname="ProgramMethod.ParallelExecutionProg" name="Test5" time="14.730"/>
</testsuite> <!-- ProgramMethod.ParallelExecutionProg -->
