<?xml version="1.0" encoding="UTF-8"?>
<!-- Generated by org.testng.reporters.JUnitReportReporter -->
<testsuite hostname="Mayur" failures="0" tests="3" name="ProgramMethod.DependsOnMethod" time="15.240" errors="0" timestamp="2023-01-08T00:49:38 IST" skipped="0">
  <testcase classname="ProgramMethod.DependsOnMethod" name="verifyLoginLogoTest" time="6.752"/>
  <testcase classname="ProgramMethod.DependsOnMethod" name="verifyTitleText" time="3.977"/>
  <testcase classname="ProgramMethod.DependsOnMethod" name="verifyURL" time="4.511"/>
</testsuite> <!-- ProgramMethod.DependsOnMethod -->
