<?xml version="1.0" encoding="UTF-8"?>
<!-- Generated by org.testng.reporters.JUnitReportReporter -->
<testsuite hostname="Mayur" failures="0" tests="2" name="ProgramMethod.HardAssertionTest" time="7.475" errors="0" timestamp="2023-01-08T15:21:13 IST" skipped="1">
  <testcase classname="ProgramMethod.HardAssertionTest" name="verifyURL" time="7.475"/>
  <testcase classname="ProgramMethod.HardAssertionTest" name="verifyTitleText">
    <skipped/>
  </testcase> <!-- verifyTitleText -->
</testsuite> <!-- ProgramMethod.HardAssertionTest -->
