<?xml version="1.0" encoding="UTF-8"?>
<!-- Generated by org.testng.reporters.JUnitReportReporter -->
<testsuite hostname="Mayur" failures="0" tests="9" name="TestCases.CompletePageTest" time="21.623" errors="0" timestamp="2023-01-09T10:47:51 IST" skipped="8">
  <testcase classname="TestCases.CompletePageTest" name="verifyLogoutBtnTest" time="21.623"/>
  <testcase classname="TestCases.CompletePageTest" name="verifyponyLogoTest">
    <skipped/>
  </testcase> <!-- verifyponyLogoTest -->
  <testcase classname="TestCases.CompletePageTest" name="verifyfirstHeaderTextTest">
    <skipped/>
  </testcase> <!-- verifyfirstHeaderTextTest -->
  <testcase classname="TestCases.CompletePageTest" name="verifysecondHederTextTest">
    <skipped/>
  </testcase> <!-- verifysecondHederTextTest -->
  <testcase classname="TestCases.CompletePageTest" name="verifytitleTextTest">
    <skipped/>
  </testcase> <!-- verifytitleTextTest -->
  <testcase classname="TestCases.CompletePageTest" name="verifyCompletePageUrlTest">
    <skipped/>
  </testcase> <!-- verifyCompletePageUrlTest -->
  <testcase classname="TestCases.CompletePageTest" name="verifybacktoHomeBtnClickTest">
    <skipped/>
  </testcase> <!-- verifybacktoHomeBtnClickTest -->
  <testcase classname="TestCases.CompletePageTest" name="verifybacktoHomeBtnTest">
    <skipped/>
  </testcase> <!-- verifybacktoHomeBtnTest -->
  <testcase classname="TestCases.CompletePageTest" name="verifyappLogoTest">
    <skipped/>
  </testcase> <!-- verifyappLogoTest -->
</testsuite> <!-- TestCases.CompletePageTest -->
