<?xml version="1.0" encoding="UTF-8"?>
<!-- Generated by org.testng.reporters.JUnitReportReporter -->
<testsuite hostname="Mayur" failures="0" tests="5" name="ProgramMethod.ProrityMethod" time="24.367" errors="0" timestamp="2023-01-08T00:50:14 IST" skipped="0">
  <testcase classname="ProgramMethod.ProrityMethod" name="verifyTitleText" time="4.414"/>
  <testcase classname="ProgramMethod.ProrityMethod" name="verifyLoginLogoTest" time="4.628"/>
  <testcase classname="ProgramMethod.ProrityMethod" name="verifyURL" time="4.352"/>
  <testcase classname="ProgramMethod.ProrityMethod" name="verifyacceptUserNametest" time="6.900"/>
  <testcase classname="ProgramMethod.ProrityMethod" name="verifyBotLogoTest" time="4.073"/>
</testsuite> <!-- ProgramMethod.ProrityMethod -->
