<?xml version="1.0" encoding="UTF-8"?>
<!-- Generated by org.testng.reporters.JUnitReportReporter -->
<testsuite hostname="Mayur" failures="0" tests="7" name="TestCases.LoginPageTest" time="7.134" errors="0" timestamp="2023-01-09T11:06:51 IST" skipped="6">
  <testcase classname="TestCases.LoginPageTest" name="loginToAPPTest" time="7.134"/>
  <testcase classname="TestCases.LoginPageTest" name="verifyURL">
    <skipped/>
  </testcase> <!-- verifyURL -->
  <testcase classname="TestCases.LoginPageTest" name="verifyBotLogoTest">
    <skipped/>
  </testcase> <!-- verifyBotLogoTest -->
  <testcase classname="TestCases.LoginPageTest" name="verifyTitleText">
    <skipped/>
  </testcase> <!-- verifyTitleText -->
  <testcase classname="TestCases.LoginPageTest" name="verifyLoginLogoTest">
    <skipped/>
  </testcase> <!-- verifyLoginLogoTest -->
  <testcase classname="TestCases.LoginPageTest" name="verifyacceptUserNametest">
    <skipped/>
  </testcase> <!-- verifyacceptUserNametest -->
  <testcase classname="TestCases.LoginPageTest" name="verifyAcceptUserPassword">
    <skipped/>
  </testcase> <!-- verifyAcceptUserPassword -->
</testsuite> <!-- TestCases.LoginPageTest -->
